<?xml version="1.0" encoding="UTF-8"?>
<testng-results ignored="0" total="2" passed="1" failed="1" skipped="0">
  <reporter-output>
  </reporter-output>
  <suite started-at="2022-10-19T23:53:33 IST" name="Suite" finished-at="2022-10-19T23:55:39 IST" duration-ms="125391">
    <groups>
    </groups>
    <test started-at="2022-10-19T23:53:33 IST" name="Test" finished-at="2022-10-19T23:55:39 IST" duration-ms="125391">
      <class name="testclasses.verifyusercanlogin">
        <test-method is-config="true" signature="beforeClass()[pri:0, instance:testclasses.verifyusercanlogin@4c583ecf]" started-at="2022-10-19T23:53:33 IST" name="beforeClass" finished-at="2022-10-19T23:55:02 IST" duration-ms="88795" status="PASS">
          <reporter-output>
          </reporter-output>
        </test-method> <!-- beforeClass -->
        <test-method is-config="true" signature="beforeMethod()[pri:0, instance:testclasses.verifyusercanlogin@4c583ecf]" started-at="2022-10-19T23:55:02 IST" name="beforeMethod" finished-at="2022-10-19T23:55:03 IST" duration-ms="423" status="PASS">
          <reporter-output>
          </reporter-output>
        </test-method> <!-- beforeMethod -->
        <test-method signature="VerifyUserLogin()[pri:0, instance:testclasses.verifyusercanlogin@4c583ecf]" started-at="2022-10-19T23:55:03 IST" name="VerifyUserLogin" finished-at="2022-10-19T23:55:30 IST" duration-ms="27589" status="PASS">
          <reporter-output>
          </reporter-output>
        </test-method> <!-- VerifyUserLogin -->
        <test-method is-config="true" signature="afterMethod(org.testng.ITestResult)[pri:0, instance:testclasses.verifyusercanlogin@4c583ecf]" started-at="2022-10-19T23:55:30 IST" name="afterMethod" finished-at="2022-10-19T23:55:30 IST" duration-ms="110" status="PASS">
          <params>
            <param index="0">
              <value>
                <![CDATA[[TestResult name=VerifyUserLogin status=SUCCESS method=verifyusercanlogin.VerifyUserLogin()[pri:0, instance:testclasses.verifyusercanlogin@4c583ecf] output={null}]]]>
              </value>
            </param>
          </params>
          <reporter-output>
          </reporter-output>
        </test-method> <!-- afterMethod -->
        <test-method is-config="true" signature="afterClass()[pri:0, instance:testclasses.verifyusercanlogin@4c583ecf]" started-at="2022-10-19T23:55:30 IST" name="afterClass" finished-at="2022-10-19T23:55:32 IST" duration-ms="1570" status="PASS">
          <reporter-output>
          </reporter-output>
        </test-method> <!-- afterClass -->
      </class> <!-- testclasses.verifyusercanlogin -->
      <class name="testclasses.Verifyusercanlowest">
        <test-method is-config="true" signature="beforeClass()[pri:0, instance:testclasses.Verifyusercanlowest@5656be13]" started-at="2022-10-19T23:55:32 IST" name="beforeClass" finished-at="2022-10-19T23:55:32 IST" duration-ms="72" status="PASS">
          <reporter-output>
          </reporter-output>
        </test-method> <!-- beforeClass -->
        <test-method is-config="true" signature="beforeMethod()[pri:0, instance:testclasses.Verifyusercanlowest@5656be13]" started-at="2022-10-19T23:55:32 IST" name="beforeMethod" finished-at="2022-10-19T23:55:32 IST" duration-ms="2" status="PASS">
          <reporter-output>
          </reporter-output>
        </test-method> <!-- beforeMethod -->
        <test-method signature="VerifyUserGetLowestPriceProduct()[pri:0, instance:testclasses.Verifyusercanlowest@5656be13]" started-at="2022-10-19T23:55:32 IST" name="VerifyUserGetLowestPriceProduct" finished-at="2022-10-19T23:55:39 IST" duration-ms="6561" status="FAIL">
          <exception class="org.openqa.selenium.ElementClickInterceptedException">
            <message>
              <![CDATA[element click intercepted: Element <a class="ge-49M" href="/search?q=realme&amp;otracker=search&amp;otracker1=search&amp;marketplace=FLIPKART&amp;as-show=on&amp;as=off&amp;page=...">2</a> is not clickable at point (711, 596). Other element would receive the click: <div class="_2hriZF _2rbIyg" tabindex="-1">...</div>
  (Session info: chrome=106.0.5249.119)
Build info: version: '4.4.0', revision: 'e5c75ed026a'
System info: host: 'DESKTOP-L9K84G3', ip: '192.168.0.104', os.name: 'Windows 10', os.arch: 'amd64', os.version: '10.0', java.version: '18.0.1.1'
Driver info: org.openqa.selenium.chrome.ChromeDriver
Command: [9e133ea2319da1d2b0e8ddc24259ab28, clickElement {id=6b489542-f5eb-4a0e-b45d-05b8121abbc0}]
Capabilities {acceptInsecureCerts: false, browserName: chrome, browserVersion: 106.0.5249.119, chrome: {chromedriverVersion: 106.0.5249.61 (511755355844..., userDataDir: C:\Users\Gita Govind\AppDat...}, goog:chromeOptions: {debuggerAddress: localhost:51589}, networkConnectionEnabled: false, pageLoadStrategy: normal, platformName: WINDOWS, proxy: Proxy(), se:cdp: ws://localhost:51589/devtoo..., se:cdpVersion: 106.0.5249.119, setWindowRect: true, strictFileInteractability: false, timeouts: {implicit: 0, pageLoad: 300000, script: 30000}, unhandledPromptBehavior: dismiss and notify, webauthn:extension:credBlob: true, webauthn:extension:largeBlob: true, webauthn:virtualAuthenticators: true}
Element: [[ChromeDriver: chrome on WINDOWS (9e133ea2319da1d2b0e8ddc24259ab28)] -> xpath: //a[@class='ge-49M' and text()='2']]
Session ID: 9e133ea2319da1d2b0e8ddc24259ab28]]>
            </message>
            <full-stacktrace>
              <![CDATA[org.openqa.selenium.ElementClickInterceptedException: element click intercepted: Element <a class="ge-49M" href="/search?q=realme&amp;otracker=search&amp;otracker1=search&amp;marketplace=FLIPKART&amp;as-show=on&amp;as=off&amp;page=...">2</a> is not clickable at point (711, 596). Other element would receive the click: <div class="_2hriZF _2rbIyg" tabindex="-1">...</div>
  (Session info: chrome=106.0.5249.119)
Build info: version: '4.4.0', revision: 'e5c75ed026a'
System info: host: 'DESKTOP-L9K84G3', ip: '192.168.0.104', os.name: 'Windows 10', os.arch: 'amd64', os.version: '10.0', java.version: '18.0.1.1'
Driver info: org.openqa.selenium.chrome.ChromeDriver
Command: [9e133ea2319da1d2b0e8ddc24259ab28, clickElement {id=6b489542-f5eb-4a0e-b45d-05b8121abbc0}]
Capabilities {acceptInsecureCerts: false, browserName: chrome, browserVersion: 106.0.5249.119, chrome: {chromedriverVersion: 106.0.5249.61 (511755355844..., userDataDir: C:\Users\Gita Govind\AppDat...}, goog:chromeOptions: {debuggerAddress: localhost:51589}, networkConnectionEnabled: false, pageLoadStrategy: normal, platformName: WINDOWS, proxy: Proxy(), se:cdp: ws://localhost:51589/devtoo..., se:cdpVersion: 106.0.5249.119, setWindowRect: true, strictFileInteractability: false, timeouts: {implicit: 0, pageLoad: 300000, script: 30000}, unhandledPromptBehavior: dismiss and notify, webauthn:extension:credBlob: true, webauthn:extension:largeBlob: true, webauthn:virtualAuthenticators: true}
Element: [[ChromeDriver: chrome on WINDOWS (9e133ea2319da1d2b0e8ddc24259ab28)] -> xpath: //a[@class='ge-49M' and text()='2']]
Session ID: 9e133ea2319da1d2b0e8ddc24259ab28
at java.base/jdk.internal.reflect.DirectConstructorHandleAccessor.newInstance(DirectConstructorHandleAccessor.java:67)
at java.base/java.lang.reflect.Constructor.newInstanceWithCaller(Constructor.java:499)
at java.base/java.lang.reflect.Constructor.newInstance(Constructor.java:483)
at org.openqa.selenium.remote.codec.w3c.W3CHttpResponseCodec.createException(W3CHttpResponseCodec.java:200)
at org.openqa.selenium.remote.codec.w3c.W3CHttpResponseCodec.decode(W3CHttpResponseCodec.java:133)
at org.openqa.selenium.remote.codec.w3c.W3CHttpResponseCodec.decode(W3CHttpResponseCodec.java:53)
at org.openqa.selenium.remote.HttpCommandExecutor.execute(HttpCommandExecutor.java:184)
at org.openqa.selenium.remote.service.DriverCommandExecutor.invokeExecute(DriverCommandExecutor.java:167)
at org.openqa.selenium.remote.service.DriverCommandExecutor.execute(DriverCommandExecutor.java:142)
at org.openqa.selenium.remote.RemoteWebDriver.execute(RemoteWebDriver.java:547)
at org.openqa.selenium.remote.RemoteWebElement.execute(RemoteWebElement.java:257)
at org.openqa.selenium.remote.RemoteWebElement.click(RemoteWebElement.java:78)
at pom.Homepage.switchPage(Homepage.java:73)
at testclasses.Verifyusercanlowest.VerifyUserGetLowestPriceProduct(Verifyusercanlowest.java:35)
at java.base/jdk.internal.reflect.DirectMethodHandleAccessor.invoke(DirectMethodHandleAccessor.java:104)
at java.base/java.lang.reflect.Method.invoke(Method.java:577)
at org.testng.internal.invokers.MethodInvocationHelper.invokeMethod(MethodInvocationHelper.java:139)
at org.testng.internal.invokers.TestInvoker.invokeMethod(TestInvoker.java:677)
at org.testng.internal.invokers.TestInvoker.invokeTestMethod(TestInvoker.java:221)
at org.testng.internal.invokers.MethodRunner.runInSequence(MethodRunner.java:50)
at org.testng.internal.invokers.TestInvoker$MethodInvocationAgent.invoke(TestInvoker.java:962)
at org.testng.internal.invokers.TestInvoker.invokeTestMethods(TestInvoker.java:194)
at org.testng.internal.invokers.TestMethodWorker.invokeTestMethods(TestMethodWorker.java:148)
at org.testng.internal.invokers.TestMethodWorker.run(TestMethodWorker.java:128)
at java.base/java.util.ArrayList.forEach(ArrayList.java:1511)
at org.testng.TestRunner.privateRun(TestRunner.java:806)
at org.testng.TestRunner.run(TestRunner.java:601)
at org.testng.SuiteRunner.runTest(SuiteRunner.java:433)
at org.testng.SuiteRunner.runSequentially(SuiteRunner.java:427)
at org.testng.SuiteRunner.privateRun(SuiteRunner.java:387)
at org.testng.SuiteRunner.run(SuiteRunner.java:330)
at org.testng.SuiteRunnerWorker.runSuite(SuiteRunnerWorker.java:52)
at org.testng.SuiteRunnerWorker.run(SuiteRunnerWorker.java:95)
at org.testng.TestNG.runSuitesSequentially(TestNG.java:1256)
at org.testng.TestNG.runSuitesLocally(TestNG.java:1176)
at org.testng.TestNG.runSuites(TestNG.java:1099)
at org.testng.TestNG.run(TestNG.java:1067)
at org.testng.remote.AbstractRemoteTestNG.run(AbstractRemoteTestNG.java:115)
at org.testng.remote.RemoteTestNG.initAndRun(RemoteTestNG.java:251)
at org.testng.remote.RemoteTestNG.main(RemoteTestNG.java:77)
]]>
            </full-stacktrace>
          </exception> <!-- org.openqa.selenium.ElementClickInterceptedException -->
          <reporter-output>
          </reporter-output>
        </test-method> <!-- VerifyUserGetLowestPriceProduct -->
        <test-method is-config="true" signature="afterMethod()[pri:0, instance:testclasses.Verifyusercanlowest@5656be13]" started-at="2022-10-19T23:55:39 IST" name="afterMethod" finished-at="2022-10-19T23:55:39 IST" duration-ms="2" status="PASS">
          <reporter-output>
          </reporter-output>
        </test-method> <!-- afterMethod -->
        <test-method is-config="true" signature="afterClass()[pri:0, instance:testclasses.Verifyusercanlowest@5656be13]" started-at="2022-10-19T23:55:39 IST" name="afterClass" finished-at="2022-10-19T23:55:39 IST" duration-ms="6" status="PASS">
          <reporter-output>
          </reporter-output>
        </test-method> <!-- afterClass -->
      </class> <!-- testclasses.Verifyusercanlowest -->
    </test> <!-- Test -->
  </suite> <!-- Suite -->
</testng-results>
